<?xml version="1.0" encoding="UTF-8"?>
<testsuites name="jest tests" tests="20" failures="0" errors="0" time="1.443">
  <testsuite name="src/__tests__/sample.test.js" errors="0" failures="0" skipped="0" timestamp="2024-10-21T00:07:39" time="1.107" tests="20">
    <testcase classname="Main Tests › Condition Class - matches function" name="should return true when field value EQUALS provided value" time="0.001">
    </testcase>
    <testcase classname="Main Tests › Condition Class - matches function" name="should return false when field value does NOT EQUAL provided value" time="0">
    </testcase>
    <testcase classname="Main Tests › Condition Class - matches function" name="should return true when field value NOT_EQUALS provided value" time="0.001">
    </testcase>
    <testcase classname="Main Tests › Condition Class - matches function" name="should return false when field value EQUALS provided value for NOT_EQUALS condition" time="0">
    </testcase>
    <testcase classname="Main Tests › Condition Class - matches function" name="should return true when all AND conditions match" time="0">
    </testcase>
    <testcase classname="Main Tests › Condition Class - matches function" name="should return false when one of the AND conditions fails" time="0">
    </testcase>
    <testcase classname="Main Tests › Condition Class - matches function" name="should return true when one of the OR conditions matches" time="0">
    </testcase>
    <testcase classname="Main Tests › Condition Class - matches function" name="should return false when none of the OR conditions match" time="0.002">
    </testcase>
    <testcase classname="Main Tests › Condition Class - matches function" name="should return true for complex nested conditions" time="0">
    </testcase>
    <testcase classname="Main Tests › Condition Class - matches function" name="should return false for complex nested conditions when inner condition fails" time="0">
    </testcase>
    <testcase classname="Main Tests › useFetchData" name="should return loading true when the payload is provided" time="0.025">
    </testcase>
    <testcase classname="Main Tests › useFetchData" name="should return loading false and data when fetchData is successful" time="0.003">
    </testcase>
    <testcase classname="Main Tests › useFetchData" name="should handle no payload gracefully" time="0.001">
    </testcase>
    <testcase classname="Main Tests › useValidateCondition" name="should return visible as true when conditionsConfig is not provided" time="0.001">
    </testcase>
    <testcase classname="Main Tests › useValidateCondition" name="should return loading as true when useFetchData is loading" time="0">
    </testcase>
    <testcase classname="Main Tests › useValidateCondition" name="should return visible as true when condition matches" time="0.001">
    </testcase>
    <testcase classname="Main Tests › useValidateCondition" name="should return visible as false when condition does not match" time="0.001">
    </testcase>
    <testcase classname="Main Tests › withVisibility HOC" name="should render the Placeholder when loading is true" time="0.008">
    </testcase>
    <testcase classname="Main Tests › withVisibility HOC" name="should render the Component when loading is false and visible is true" time="0.001">
    </testcase>
    <testcase classname="Main Tests › withVisibility HOC" name="should render null when loading is false and visible is false" time="0.001">
    </testcase>
  </testsuite>
</testsuites>