<?xml version="1.0" encoding="UTF-8"?>
<testsuites name="jest tests" tests="17" failures="0" errors="0" time="1.376">
  <testsuite name="src/__tests__/main.test.js" errors="0" failures="0" skipped="0" timestamp="2024-10-25T14:07:58" time="1.046" tests="17">
    <testcase classname="Tests › Condition Class - matches function" name="should return true when field value EQUALS provided value" time="0.001">
    </testcase>
    <testcase classname="Tests › Condition Class - matches function" name="should return false when field value does NOT EQUAL provided value" time="0.001">
    </testcase>
    <testcase classname="Tests › Condition Class - matches function" name="should return true when field value NOT_EQUALS provided value" time="0">
    </testcase>
    <testcase classname="Tests › Condition Class - matches function" name="should return false when field value EQUALS provided value for NOT_EQUALS condition" time="0">
    </testcase>
    <testcase classname="Tests › Condition Class - matches function" name="should return true when all AND conditions match" time="0">
    </testcase>
    <testcase classname="Tests › Condition Class - matches function" name="should return false when one of the AND conditions fails" time="0.001">
    </testcase>
    <testcase classname="Tests › Condition Class - matches function" name="should return true when one of the OR conditions matches" time="0">
    </testcase>
    <testcase classname="Tests › Condition Class - matches function" name="should return false when none of the OR conditions match" time="0">
    </testcase>
    <testcase classname="Tests › Condition Class - matches function" name="should return true for complex nested conditions" time="0">
    </testcase>
    <testcase classname="Tests › Condition Class - matches function" name="should return false for complex nested conditions when inner condition fails" time="0">
    </testcase>
    <testcase classname="Tests › useFetchData" name="should return loading true when the payload is provided" time="0.015">
    </testcase>
    <testcase classname="Tests › useFetchData" name="should return loading false and data when fetchData is successful" time="0.006">
    </testcase>
    <testcase classname="Tests › useFetchData" name="should handle no payload gracefully" time="0.001">
    </testcase>
    <testcase classname="Tests › useValidateCondition" name="should return visible as true when condition matches" time="0.001">
    </testcase>
    <testcase classname="Tests › useValidateCondition" name="should return visible as false when condition does not match" time="0.001">
    </testcase>
    <testcase classname="Tests › withVisibility HOC" name="should render the Placeholder when loading is true" time="0.009">
    </testcase>
    <testcase classname="Tests › withVisibility HOC" name="should render null when loading is false and visible is false" time="0.002">
    </testcase>
  </testsuite>
</testsuites>